app/build/outputs/logs/manifest-merger-debug-report.txt
-- Merging decision tree log ---
manifest
ADDED from src\main\AndroidManifest.xml:2:1-46:12
	xmlns:android
		ADDED from src\main\AndroidManifest.xml:2:11-69
	package
		ADDED from src\main\AndroidManifest.xml:3:11-33
		INJECTED from src\main\AndroidManifest.xml
		INJECTED from src\main\AndroidManifest.xml
	android:versionName
		INJECTED from src\main\AndroidManifest.xml
		INJECTED from src\main\AndroidManifest.xml
	android:versionCode
		INJECTED from src\main\AndroidManifest.xml
		INJECTED from src\main\AndroidManifest.xml
application
ADDED from src\main\AndroidManifest.xml:5:5-44:19
MERGED from [com.android.support:appcompat-v7:23.1.1] AndroidManifest.xml:22:5-20
MERGED from [com.android.support:support-v4:23.1.1] AndroidManifest.xml:22:5-20
MERGED from [com.android.support:design:22.2.1] AndroidManifest.xml:22:5-20
MERGED from [com.android.support:appcompat-v7:23.1.1] AndroidManifest.xml:22:5-20
MERGED from [com.android.support:support-v4:23.1.1] AndroidManifest.xml:22:5-20
MERGED from [com.android.support:support-v4:23.1.1] AndroidManifest.xml:22:5-20
MERGED from [com.android.support:support-v4:23.1.1] AndroidManifest.xml:22:5-20
MERGED from [com.squareup.leakcanary:leakcanary-android:1.3.1] AndroidManifest.xml:27:5-49:19
	android:label
		ADDED from src\main\AndroidManifest.xml:9:13-45
	android:allowBackup
		ADDED from src\main\AndroidManifest.xml:7:13-39
	android:icon
		ADDED from src\main\AndroidManifest.xml:8:13-47
	android:theme
		ADDED from src\main\AndroidManifest.xml:10:13-71
	android:name
		ADDED from src\main\AndroidManifest.xml:6:13-43
activity#me.kaede.mvp.home.HomeActivity
ADDED from src\main\AndroidManifest.xml:11:9-18:20
	android:label
		ADDED from src\main\AndroidManifest.xml:13:17-49
	android:name
		ADDED from src\main\AndroidManifest.xml:12:17-50
intent-filter#android.intent.action.MAIN+android.intent.category.LAUNCHER
ADDED from src\main\AndroidManifest.xml:14:13-17:29
action#android.intent.action.MAIN
ADDED from src\main\AndroidManifest.xml:15:17-68
	android:name
		ADDED from src\main\AndroidManifest.xml:15:25-66
category#android.intent.category.LAUNCHER
ADDED from src\main\AndroidManifest.xml:16:17-76
	android:name
		ADDED from src\main\AndroidManifest.xml:16:27-74
activity#me.kaede.mvp.eventbus.EventBusActivity
ADDED from src\main\AndroidManifest.xml:19:9-22:20
	android:label
		ADDED from src\main\AndroidManifest.xml:21:17-50
	android:name
		ADDED from src\main\AndroidManifest.xml:20:17-58
activity#me.kaede.mvp.login.LoginActivity
ADDED from src\main\AndroidManifest.xml:23:9-26:20
	android:label
		ADDED from src\main\AndroidManifest.xml:25:17-56
	android:name
		ADDED from src\main\AndroidManifest.xml:24:17-52
activity#me.kaede.mvp.loginoptimized.LoginOptimizedActivity
ADDED from src\main\AndroidManifest.xml:27:9-30:20
	android:label
		ADDED from src\main\AndroidManifest.xml:29:17-66
	android:name
		ADDED from src\main\AndroidManifest.xml:28:17-70
activity#me.kaede.mvp.outteradapter.AdapterActivityA
ADDED from src\main\AndroidManifest.xml:31:9-34:20
	android:label
		ADDED from src\main\AndroidManifest.xml:33:17-49
	android:name
		ADDED from src\main\AndroidManifest.xml:32:17-63
activity#me.kaede.mvp.outteradapter.AdapterActivityB
ADDED from src\main\AndroidManifest.xml:35:9-38:20
	android:label
		ADDED from src\main\AndroidManifest.xml:37:17-49
	android:name
		ADDED from src\main\AndroidManifest.xml:36:17-63
activity#me.kaede.mvp.fragment.FragmentsActivity
ADDED from src\main\AndroidManifest.xml:39:9-43:20
	android:label
		ADDED from src\main\AndroidManifest.xml:41:17-49
	android:theme
		ADDED from src\main\AndroidManifest.xml:42:17-51
	android:name
		ADDED from src\main\AndroidManifest.xml:40:17-59
uses-sdk
INJECTED from src\main\AndroidManifest.xml reason: use-sdk injection requested
MERGED from [com.android.support:appcompat-v7:23.1.1] AndroidManifest.xml:20:5-43
MERGED from [com.android.support:support-v4:23.1.1] AndroidManifest.xml:20:5-43
MERGED from [com.android.support:design:22.2.1] AndroidManifest.xml:20:5-43
MERGED from [com.android.support:appcompat-v7:23.1.1] AndroidManifest.xml:20:5-43
MERGED from [com.android.support:support-v4:23.1.1] AndroidManifest.xml:20:5-43
MERGED from [com.android.support:support-v4:23.1.1] AndroidManifest.xml:20:5-43
MERGED from [com.android.support:recyclerview-v7:23.1.1] AndroidManifest.xml:20:5-43
MERGED from [com.android.support:support-v4:23.1.1] AndroidManifest.xml:20:5-43
MERGED from [com.squareup.leakcanary:leakcanary-android:1.3.1] AndroidManifest.xml:20:5-22:41
	android:targetSdkVersion
		INJECTED from src\main\AndroidManifest.xml
		INJECTED from src\main\AndroidManifest.xml
	android:minSdkVersion
		INJECTED from src\main\AndroidManifest.xml
		INJECTED from src\main\AndroidManifest.xml
uses-permission#android.permission.WRITE_EXTERNAL_STORAGE
ADDED from [com.squareup.leakcanary:leakcanary-android:1.3.1] AndroidManifest.xml:25:5-81
	android:name
		ADDED from [com.squareup.leakcanary:leakcanary-android:1.3.1] AndroidManifest.xml:25:22-78
service#com.squareup.leakcanary.internal.HeapAnalyzerService
ADDED from [com.squareup.leakcanary:leakcanary-android:1.3.1] AndroidManifest.xml:28:9-31:45
	android:process
		ADDED from [com.squareup.leakcanary:leakcanary-android:1.3.1] AndroidManifest.xml:31:13-42
	android:enabled
		ADDED from [com.squareup.leakcanary:leakcanary-android:1.3.1] AndroidManifest.xml:30:13-36
	android:name
		ADDED from [com.squareup.leakcanary:leakcanary-android:1.3.1] AndroidManifest.xml:29:13-80
service#com.squareup.leakcanary.DisplayLeakService
ADDED from [com.squareup.leakcanary:leakcanary-android:1.3.1] AndroidManifest.xml:32:9-34:39
	android:enabled
		ADDED from [com.squareup.leakcanary:leakcanary-android:1.3.1] AndroidManifest.xml:34:13-36
	android:name
		ADDED from [com.squareup.leakcanary:leakcanary-android:1.3.1] AndroidManifest.xml:33:13-70
activity#com.squareup.leakcanary.internal.DisplayLeakActivity
ADDED from [com.squareup.leakcanary:leakcanary-android:1.3.1] AndroidManifest.xml:36:9-48:20
	android:label
		ADDED from [com.squareup.leakcanary:leakcanary-android:1.3.1] AndroidManifest.xml:40:13-73
	android:icon
		ADDED from [com.squareup.leakcanary:leakcanary-android:1.3.1] AndroidManifest.xml:39:13-56
	android:theme
		ADDED from [com.squareup.leakcanary:leakcanary-android:1.3.1] AndroidManifest.xml:42:13-53
	android:enabled
		ADDED from [com.squareup.leakcanary:leakcanary-android:1.3.1] AndroidManifest.xml:38:13-36
	android:taskAffinity
		ADDED from [com.squareup.leakcanary:leakcanary-android:1.3.1] AndroidManifest.xml:41:13-59
	android:name
		ADDED from [com.squareup.leakcanary:leakcanary-android:1.3.1] AndroidManifest.xml:37:13-80
android:uses-permission#android.permission.READ_EXTERNAL_STORAGE
IMPLIED from src\main\AndroidManifest.xml:2:1-46:12 reason: com.squareup.leakcanary requested WRITE_EXTERNAL_STORAGE